  % Total    % Received % Xferd  Average Speed   Time    Time     Time  Current
                                 Dload  Upload   Total   Spent    Left  Speed
  0     0    0     0    0     0      0      0 --:--:-- --:--:-- --:--:--     0*   Trying 18.191.26.214:80...
* Connected to ec2-18-191-26-214.us-east-2.compute.amazonaws.com (18.191.26.214) port 80 (#0)
> GET /accounts/login/ HTTP/1.1
> Host: ec2-18-191-26-214.us-east-2.compute.amazonaws.com
> User-Agent: curl/7.84.0
> Accept: */*
> 
* Mark bundle as not supporting multiuse
< HTTP/1.1 200 OK
< Server: nginx/1.18.0 (Ubuntu)
< Date: Sat, 23 Sep 2023 21:25:20 GMT
< Content-Type: text/html; charset=utf-8
< Content-Length: 1571
< Connection: keep-alive
< 
{ [1571 bytes data]
100  1571  100  1571    0     0  21278      0 --:--:-- --:--:-- --:--:-- 23447
* Connection #0 to host ec2-18-191-26-214.us-east-2.compute.amazonaws.com left intact
